  Building NVCC (Device) object CMakeFiles/cis565_getting_started.dir/src/Debug/cis565_getting_started_generated_kernel.cu.obj
  -- Removing C:/Users/xjp83/Documents/GitHub/CIS565/Project0-Getting-Started/build/CMakeFiles/cis565_getting_started.dir/src/Debug/cis565_getting_started_generated_kernel.cu.obj
  D:/Cmake/bin/cmake.exe -E remove C:/Users/xjp83/Documents/GitHub/CIS565/Project0-Getting-Started/build/CMakeFiles/cis565_getting_started.dir/src/Debug/cis565_getting_started_generated_kernel.cu.obj
  -- Generating dependency file: C:/Users/xjp83/Documents/GitHub/CIS565/Project0-Getting-Started/build/CMakeFiles/cis565_getting_started.dir/src/cis565_getting_started_generated_kernel.cu.obj.NVCC-depend
  "C:/Program Files/NVIDIA GPU Computing Toolkit/CUDA/v10.1/bin/nvcc.exe" -M -D__CUDACC__ C:/Users/xjp83/Documents/GitHub/CIS565/Project0-Getting-Started/cuda-getting-started/src/kernel.cu -o C:/Users/xjp83/Documents/GitHub/CIS565/Project0-Getting-Started/build/CMakeFiles/cis565_getting_started.dir/src/cis565_getting_started_generated_kernel.cu.obj.NVCC-depend -ccbin "C:/Program Files (x86)/Microsoft Visual Studio/2017/Enterprise/VC/Tools/MSVC/14.15.26726/bin/Hostx86/x64/cl.exe" -m64 -DCUDA_COMPUTE_30 -DGLEW_STATIC -Xcompiler ,\"/DWIN32\",\"/D_WINDOWS\",\"/W3\",\"/GR\",\"/EHsc\",\"/MDd\",\"/Zi\",\"/Ob0\",\"/Od\",\"/RTC1\" -gencode arch=compute_30,code=sm_30 -g -G -DNVCC "-IC:/Program Files/NVIDIA GPU Computing Toolkit/CUDA/v10.1/include" -IC:/Users/xjp83/Documents/GitHub/CIS565/Project0-Getting-Started/cuda-getting-started/external/include
  kernel.cu
c:\program files\nvidia gpu computing toolkit\cuda\v10.1\include\crt\math_functions.h : warning C4819: 锟斤拷锟侥硷拷锟斤拷锟斤拷锟斤拷锟斤拷锟节碉拷前锟斤拷锟斤拷页(936)锟叫憋拷示锟斤拷锟街凤拷锟斤拷锟诫将锟斤拷锟侥硷拷锟斤拷锟斤拷为 Unicode 锟斤拷式锟皆凤拷止锟斤拷锟捷讹拷失
c:\program files\nvidia gpu computing toolkit\cuda\v10.1\include\crt\math_functions.h(824): warning C4819: 锟斤拷锟侥硷拷锟斤拷锟斤拷锟斤拷锟斤拷锟节碉拷前锟斤拷锟斤拷页(936)锟叫憋拷示锟斤拷锟街凤拷锟斤拷锟诫将锟斤拷锟侥硷拷锟斤拷锟斤拷为 Unicode 锟斤拷式锟皆凤拷止锟斤拷锟捷讹拷失
c:\program files\nvidia gpu computing toolkit\cuda\v10.1\include\crt\math_functions.h(1759): warning C4819: 锟斤拷锟侥硷拷锟斤拷锟斤拷锟斤拷锟斤拷锟节碉拷前锟斤拷锟斤拷页(936)锟叫憋拷示锟斤拷锟街凤拷锟斤拷锟诫将锟斤拷锟侥硷拷锟斤拷锟斤拷为 Unicode 锟斤拷式锟皆凤拷止锟斤拷锟捷讹拷失
c:\program files\nvidia gpu computing toolkit\cuda\v10.1\include\crt\math_functions.h(2621): warning C4819: 锟斤拷锟侥硷拷锟斤拷锟斤拷锟斤拷锟斤拷锟节碉拷前锟斤拷锟斤拷页(936)锟叫憋拷示锟斤拷锟街凤拷锟斤拷锟诫将锟斤拷锟侥硷拷锟斤拷锟斤拷为 Unicode 锟斤拷式锟皆凤拷止锟斤拷锟捷讹拷失
c:\program files\nvidia gpu computing toolkit\cuda\v10.1\include\crt\math_functions.h(3460): warning C4819: 锟斤拷锟侥硷拷锟斤拷锟斤拷锟斤拷锟斤拷锟节碉拷前锟斤拷锟斤拷页(936)锟叫憋拷示锟斤拷锟街凤拷锟斤拷锟诫将锟斤拷锟侥硷拷锟斤拷锟斤拷为 Unicode 锟斤拷式锟皆凤拷止锟斤拷锟捷讹拷失
c:\program files\nvidia gpu computing toolkit\cuda\v10.1\include\crt\math_functions.h(4403): warning C4819: 锟斤拷锟侥硷拷锟斤拷锟斤拷锟斤拷锟斤拷锟节碉拷前锟斤拷锟斤拷页(936)锟叫憋拷示锟斤拷锟街凤拷锟斤拷锟诫将锟斤拷锟侥硷拷锟斤拷锟斤拷为 Unicode 锟斤拷式锟皆凤拷止锟斤拷锟捷讹拷失
c:\program files\nvidia gpu computing toolkit\cuda\v10.1\include\crt\math_functions.h(5301): warning C4819: 锟斤拷锟侥硷拷锟斤拷锟斤拷锟斤拷锟斤拷锟节碉拷前锟斤拷锟斤拷页(936)锟叫憋拷示锟斤拷锟街凤拷锟斤拷锟诫将锟斤拷锟侥硷拷锟斤拷锟斤拷为 Unicode 锟斤拷式锟皆凤拷止锟斤拷锟捷讹拷失
c:\program files\nvidia gpu computing toolkit\cuda\v10.1\include\crt\math_functions.h(6212): warning C4819: 锟斤拷锟侥硷拷锟斤拷锟斤拷锟斤拷锟斤拷锟节碉拷前锟斤拷锟斤拷页(936)锟叫憋拷示锟斤拷锟街凤拷锟斤拷锟诫将锟斤拷锟侥硷拷锟斤拷锟斤拷为 Unicode 锟斤拷式锟皆凤拷止锟斤拷锟捷讹拷失
c:\program files\nvidia gpu computing toolkit\cuda\v10.1\include\crt\math_functions.h(7093): warning C4819: 锟斤拷锟侥硷拷锟斤拷锟斤拷锟斤拷锟斤拷锟节碉拷前锟斤拷锟斤拷页(936)锟叫憋拷示锟斤拷锟街凤拷锟斤拷锟诫将锟斤拷锟侥硷拷锟斤拷锟斤拷为 Unicode 锟斤拷式锟皆凤拷止锟斤拷锟捷讹拷失
c:\program files\nvidia gpu computing toolkit\cuda\v10.1\include\crt\math_functions.h(7892): warning C4819: 锟斤拷锟侥硷拷锟斤拷锟斤拷锟斤拷锟斤拷锟节碉拷前锟斤拷锟斤拷页(936)锟叫憋拷示锟斤拷锟街凤拷锟斤拷锟诫将锟斤拷锟侥硷拷锟斤拷锟斤拷为 Unicode 锟斤拷式锟皆凤拷止锟斤拷锟捷讹拷失
c:\program files\nvidia gpu computing toolkit\cuda\v10.1\include\crt/device_functions.h : warning C4819: 锟斤拷锟侥硷拷锟斤拷锟斤拷锟斤拷锟斤拷锟节碉拷前锟斤拷锟斤拷页(936)锟叫憋拷示锟斤拷锟街凤拷锟斤拷锟诫将锟斤拷锟侥硷拷锟斤拷锟斤拷为 Unicode 锟斤拷式锟皆凤拷止锟斤拷锟捷讹拷失
c:\program files\nvidia gpu computing toolkit\cuda\v10.1\include\crt/device_functions.h(773): warning C4819: 锟斤拷锟侥硷拷锟斤拷锟斤拷锟斤拷锟斤拷锟节碉拷前锟斤拷锟斤拷页(936)锟叫憋拷示锟斤拷锟街凤拷锟斤拷锟诫将锟斤拷锟侥硷拷锟斤拷锟斤拷为 Unicode 锟斤拷式锟皆凤拷止锟斤拷锟捷讹拷失
c:\program files\nvidia gpu computing toolkit\cuda\v10.1\include\crt/device_functions.h(1628): warning C4819: 锟斤拷锟侥硷拷锟斤拷锟斤拷锟斤拷锟斤拷锟节碉拷前锟斤拷锟斤拷页(936)锟叫憋拷示锟斤拷锟街凤拷锟斤拷锟诫将锟斤拷锟侥硷拷锟斤拷锟斤拷为 Unicode 锟斤拷式锟皆凤拷止锟斤拷锟捷讹拷失
c:\program files\nvidia gpu computing toolkit\cuda\v10.1\include\crt\device_double_functions.h : warning C4819: 锟斤拷锟侥硷拷锟斤拷锟斤拷锟斤拷锟斤拷锟节碉拷前锟斤拷锟斤拷页(936)锟叫憋拷示锟斤拷锟街凤拷锟斤拷锟诫将锟斤拷锟侥硷拷锟斤拷锟斤拷为 Unicode 锟斤拷式锟皆凤拷止锟斤拷锟捷讹拷失
c:\program files\nvidia gpu computing toolkit\cuda\v10.1\include\sm_20_intrinsics.h : warning C4819: 锟斤拷锟侥硷拷锟斤拷锟斤拷锟斤拷锟斤拷锟节碉拷前锟斤拷锟斤拷页(936)锟叫憋拷示锟斤拷锟街凤拷锟斤拷锟诫将锟斤拷锟侥硷拷锟斤拷锟斤拷为 Unicode 锟斤拷式锟皆凤拷止锟斤拷锟捷讹拷失
c:\program files\nvidia gpu computing toolkit\cuda\v10.1\include\sm_20_intrinsics.h(925): warning C4819: 锟斤拷锟侥硷拷锟斤拷锟斤拷锟斤拷锟斤拷锟节碉拷前锟斤拷锟斤拷页(936)锟叫憋拷示锟斤拷锟街凤拷锟斤拷锟诫将锟斤拷锟侥硷拷锟斤拷锟斤拷为 Unicode 锟斤拷式锟皆凤拷止锟斤拷锟捷讹拷失
c:\program files\nvidia gpu computing toolkit\cuda\v10.1\include\crt\math_functions.h : warning C4819: 锟斤拷锟侥硷拷锟斤拷锟斤拷锟斤拷锟斤拷锟节碉拷前锟斤拷锟斤拷页(936)锟叫憋拷示锟斤拷锟街凤拷锟斤拷锟诫将锟斤拷锟侥硷拷锟斤拷锟斤拷为 Unicode 锟斤拷式锟皆凤拷止锟斤拷锟捷讹拷失
c:\program files\nvidia gpu computing toolkit\cuda\v10.1\include\crt\math_functions.h(824): warning C4819: 锟斤拷锟侥硷拷锟斤拷锟斤拷锟斤拷锟斤拷锟节碉拷前锟斤拷锟斤拷页(936)锟叫憋拷示锟斤拷锟街凤拷锟斤拷锟诫将锟斤拷锟侥硷拷锟斤拷锟斤拷为 Unicode 锟斤拷式锟皆凤拷止锟斤拷锟捷讹拷失
c:\program files\nvidia gpu computing toolkit\cuda\v10.1\include\crt\math_functions.h(1759): warning C4819: 锟斤拷锟侥硷拷锟斤拷锟斤拷锟斤拷锟斤拷锟节碉拷前锟斤拷锟斤拷页(936)锟叫憋拷示锟斤拷锟街凤拷锟斤拷锟诫将锟斤拷锟侥硷拷锟斤拷锟斤拷为 Unicode 锟斤拷式锟皆凤拷止锟斤拷锟捷讹拷失
c:\program files\nvidia gpu computing toolkit\cuda\v10.1\include\crt\math_functions.h(2621): warning C4819: 锟斤拷锟侥硷拷锟斤拷锟斤拷锟斤拷锟斤拷锟节碉拷前锟斤拷锟斤拷页(936)锟叫憋拷示锟斤拷锟街凤拷锟斤拷锟诫将锟斤拷锟侥硷拷锟斤拷锟斤拷为 Unicode 锟斤拷式锟皆凤拷止锟斤拷锟捷讹拷失
c:\program files\nvidia gpu computing toolkit\cuda\v10.1\include\crt\math_functions.h(3460): warning C4819: 锟斤拷锟侥硷拷锟斤拷锟斤拷锟斤拷锟斤拷锟节碉拷前锟斤拷锟斤拷页(936)锟叫憋拷示锟斤拷锟街凤拷锟斤拷锟诫将锟斤拷锟侥硷拷锟斤拷锟斤拷为 Unicode 锟斤拷式锟皆凤拷止锟斤拷锟捷讹拷失
c:\program files\nvidia gpu computing toolkit\cuda\v10.1\include\crt\math_functions.h(4403): warning C4819: 锟斤拷锟侥硷拷锟斤拷锟斤拷锟斤拷锟斤拷锟节碉拷前锟斤拷锟斤拷页(936)锟叫憋拷示锟斤拷锟街凤拷锟斤拷锟诫将锟斤拷锟侥硷拷锟斤拷锟斤拷为 Unicode 锟斤拷式锟皆凤拷止锟斤拷锟捷讹拷失
c:\program files\nvidia gpu computing toolkit\cuda\v10.1\include\crt\math_functions.h(5301): warning C4819: 锟斤拷锟侥硷拷锟斤拷锟斤拷锟斤拷锟斤拷锟节碉拷前锟斤拷锟斤拷页(936)锟叫憋拷示锟斤拷锟街凤拷锟斤拷锟诫将锟斤拷锟侥硷拷锟斤拷锟斤拷为 Unicode 锟斤拷式锟皆凤拷止锟斤拷锟捷讹拷失
c:\program files\nvidia gpu computing toolkit\cuda\v10.1\include\crt\math_functions.h(6212): warning C4819: 锟斤拷锟侥硷拷锟斤拷锟斤拷锟斤拷锟斤拷锟节碉拷前锟斤拷锟斤拷页(936)锟叫憋拷示锟斤拷锟街凤拷锟斤拷锟诫将锟斤拷锟侥硷拷锟斤拷锟斤拷为 Unicode 锟斤拷式锟皆凤拷止锟斤拷锟捷讹拷失
c:\program files\nvidia gpu computing toolkit\cuda\v10.1\include\crt\math_functions.h(7093): warning C4819: 锟斤拷锟侥硷拷锟斤拷锟斤拷锟斤拷锟斤拷锟节碉拷前锟斤拷锟斤拷页(936)锟叫憋拷示锟斤拷锟街凤拷锟斤拷锟诫将锟斤拷锟侥硷拷锟斤拷锟斤拷为 Unicode 锟斤拷式锟皆凤拷止锟斤拷锟捷讹拷失
c:\program files\nvidia gpu computing toolkit\cuda\v10.1\include\crt\math_functions.h(7892): warning C4819: 锟斤拷锟侥硷拷锟斤拷锟斤拷锟斤拷锟斤拷锟节碉拷前锟斤拷锟斤拷页(936)锟叫憋拷示锟斤拷锟街凤拷锟斤拷锟诫将锟斤拷锟侥硷拷锟斤拷锟斤拷为 Unicode 锟斤拷式锟皆凤拷止锟斤拷锟捷讹拷失
c:\program files\nvidia gpu computing toolkit\cuda\v10.1\include\crt/device_functions.h : warning C4819: 锟斤拷锟侥硷拷锟斤拷锟斤拷锟斤拷锟斤拷锟节碉拷前锟斤拷锟斤拷页(936)锟叫憋拷示锟斤拷锟街凤拷锟斤拷锟诫将锟斤拷锟侥硷拷锟斤拷锟斤拷为 Unicode 锟斤拷式锟皆凤拷止锟斤拷锟捷讹拷失
c:\program files\nvidia gpu computing toolkit\cuda\v10.1\include\crt/device_functions.h(773): warning C4819: 锟斤拷锟侥硷拷锟斤拷锟斤拷锟斤拷锟斤拷锟节碉拷前锟斤拷锟斤拷页(936)锟叫憋拷示锟斤拷锟街凤拷锟斤拷锟诫将锟斤拷锟侥硷拷锟斤拷锟斤拷为 Unicode 锟斤拷式锟皆凤拷止锟斤拷锟捷讹拷失
c:\program files\nvidia gpu computing toolkit\cuda\v10.1\include\crt/device_functions.h(1628): warning C4819: 锟斤拷锟侥硷拷锟斤拷锟斤拷锟斤拷锟斤拷锟节碉拷前锟斤拷锟斤拷页(936)锟叫憋拷示锟斤拷锟街凤拷锟斤拷锟诫将锟斤拷锟侥硷拷锟斤拷锟斤拷为 Unicode 锟斤拷式锟皆凤拷止锟斤拷锟捷讹拷失
c:\program files\nvidia gpu computing toolkit\cuda\v10.1\include\crt\device_double_functions.h : warning C4819: 锟斤拷锟侥硷拷锟斤拷锟斤拷锟斤拷锟斤拷锟节碉拷前锟斤拷锟斤拷页(936)锟叫憋拷示锟斤拷锟街凤拷锟斤拷锟诫将锟斤拷锟侥硷拷锟斤拷锟斤拷为 Unicode 锟斤拷式锟皆凤拷止锟斤拷锟捷讹拷失
c:\program files\nvidia gpu computing toolkit\cuda\v10.1\include\sm_20_intrinsics.h : warning C4819: 锟斤拷锟侥硷拷锟斤拷锟斤拷锟斤拷锟斤拷锟节碉拷前锟斤拷锟斤拷页(936)锟叫憋拷示锟斤拷锟街凤拷锟斤拷锟诫将锟斤拷锟侥硷拷锟斤拷锟斤拷为 Unicode 锟斤拷式锟皆凤拷止锟斤拷锟捷讹拷失
c:\program files\nvidia gpu computing toolkit\cuda\v10.1\include\sm_20_intrinsics.h(925): warning C4819: 锟斤拷锟侥硷拷锟斤拷锟斤拷锟斤拷锟斤拷锟节碉拷前锟斤拷锟斤拷页(936)锟叫憋拷示锟斤拷锟街凤拷锟斤拷锟诫将锟斤拷锟侥硷拷锟斤拷锟斤拷为 Unicode 锟斤拷式锟皆凤拷止锟斤拷锟捷讹拷失
  -- Generating temporary cmake readable file: C:/Users/xjp83/Documents/GitHub/CIS565/Project0-Getting-Started/build/CMakeFiles/cis565_getting_started.dir/src/cis565_getting_started_generated_kernel.cu.obj.depend.tmp
  D:/Cmake/bin/cmake.exe -D input_file:FILEPATH=C:/Users/xjp83/Documents/GitHub/CIS565/Project0-Getting-Started/build/CMakeFiles/cis565_getting_started.dir/src/cis565_getting_started_generated_kernel.cu.obj.NVCC-depend -D output_file:FILEPATH=C:/Users/xjp83/Documents/GitHub/CIS565/Project0-Getting-Started/build/CMakeFiles/cis565_getting_started.dir/src/cis565_getting_started_generated_kernel.cu.obj.depend.tmp -D verbose=ON -P D:/Cmake/share/cmake-3.13/Modules/FindCUDA/make2cmake.cmake
  -- Copy if different C:/Users/xjp83/Documents/GitHub/CIS565/Project0-Getting-Started/build/CMakeFiles/cis565_getting_started.dir/src/cis565_getting_started_generated_kernel.cu.obj.depend.tmp to C:/Users/xjp83/Documents/GitHub/CIS565/Project0-Getting-Started/build/CMakeFiles/cis565_getting_started.dir/src/cis565_getting_started_generated_kernel.cu.obj.depend
  D:/Cmake/bin/cmake.exe -E copy_if_different C:/Users/xjp83/Documents/GitHub/CIS565/Project0-Getting-Started/build/CMakeFiles/cis565_getting_started.dir/src/cis565_getting_started_generated_kernel.cu.obj.depend.tmp C:/Users/xjp83/Documents/GitHub/CIS565/Project0-Getting-Started/build/CMakeFiles/cis565_getting_started.dir/src/cis565_getting_started_generated_kernel.cu.obj.depend
  -- Removing C:/Users/xjp83/Documents/GitHub/CIS565/Project0-Getting-Started/build/CMakeFiles/cis565_getting_started.dir/src/cis565_getting_started_generated_kernel.cu.obj.depend.tmp and C:/Users/xjp83/Documents/GitHub/CIS565/Project0-Getting-Started/build/CMakeFiles/cis565_getting_started.dir/src/cis565_getting_started_generated_kernel.cu.obj.NVCC-depend
  D:/Cmake/bin/cmake.exe -E remove C:/Users/xjp83/Documents/GitHub/CIS565/Project0-Getting-Started/build/CMakeFiles/cis565_getting_started.dir/src/cis565_getting_started_generated_kernel.cu.obj.depend.tmp C:/Users/xjp83/Documents/GitHub/CIS565/Project0-Getting-Started/build/CMakeFiles/cis565_getting_started.dir/src/cis565_getting_started_generated_kernel.cu.obj.NVCC-depend
  -- Generating C:/Users/xjp83/Documents/GitHub/CIS565/Project0-Getting-Started/build/CMakeFiles/cis565_getting_started.dir/src/Debug/cis565_getting_started_generated_kernel.cu.obj
  "C:/Program Files/NVIDIA GPU Computing Toolkit/CUDA/v10.1/bin/nvcc.exe" C:/Users/xjp83/Documents/GitHub/CIS565/Project0-Getting-Started/cuda-getting-started/src/kernel.cu -c -o C:/Users/xjp83/Documents/GitHub/CIS565/Project0-Getting-Started/build/CMakeFiles/cis565_getting_started.dir/src/Debug/cis565_getting_started_generated_kernel.cu.obj -ccbin "C:/Program Files (x86)/Microsoft Visual Studio/2017/Enterprise/VC/Tools/MSVC/14.15.26726/bin/Hostx86/x64/cl.exe" -m64 -DCUDA_COMPUTE_30 -DGLEW_STATIC -Xcompiler ,\"/DWIN32\",\"/D_WINDOWS\",\"/W3\",\"/GR\",\"/EHsc\",\"/MDd\",\"/Zi\",\"/Ob0\",\"/Od\",\"/RTC1\" -gencode arch=compute_30,code=sm_30 -g -G -DNVCC "-IC:/Program Files/NVIDIA GPU Computing Toolkit/CUDA/v10.1/include" -IC:/Users/xjp83/Documents/GitHub/CIS565/Project0-Getting-Started/cuda-getting-started/external/include
c:\program files\nvidia gpu computing toolkit\cuda\v10.1\include\crt\math_functions.h : warning C4819: 锟斤拷锟侥硷拷锟斤拷锟斤拷锟斤拷锟斤拷锟节碉拷前锟斤拷锟斤拷页(936)锟叫憋拷示锟斤拷锟街凤拷锟斤拷锟诫将锟斤拷锟侥硷拷锟斤拷锟斤拷为 Unicode 锟斤拷式锟皆凤拷止锟斤拷锟捷讹拷失
c:\program files\nvidia gpu computing toolkit\cuda\v10.1\include\crt\math_functions.h(824): warning C4819: 锟斤拷锟侥硷拷锟斤拷锟斤拷锟斤拷锟斤拷锟节碉拷前锟斤拷锟斤拷页(936)锟叫憋拷示锟斤拷锟街凤拷锟斤拷锟诫将锟斤拷锟侥硷拷锟斤拷锟斤拷为 Unicode 锟斤拷式锟皆凤拷止锟斤拷锟捷讹拷失
c:\program files\nvidia gpu computing toolkit\cuda\v10.1\include\crt\math_functions.h(1759): warning C4819: 锟斤拷锟侥硷拷锟斤拷锟斤拷锟斤拷锟斤拷锟节碉拷前锟斤拷锟斤拷页(936)锟叫憋拷示锟斤拷锟街凤拷锟斤拷锟诫将锟斤拷锟侥硷拷锟斤拷锟斤拷为 Unicode 锟斤拷式锟皆凤拷止锟斤拷锟捷讹拷失
c:\program files\nvidia gpu computing toolkit\cuda\v10.1\include\crt\math_functions.h(2621): warning C4819: 锟斤拷锟侥硷拷锟斤拷锟斤拷锟斤拷锟斤拷锟节碉拷前锟斤拷锟斤拷页(936)锟叫憋拷示锟斤拷锟街凤拷锟斤拷锟诫将锟斤拷锟侥硷拷锟斤拷锟斤拷为 Unicode 锟斤拷式锟皆凤拷止锟斤拷锟捷讹拷失
c:\program files\nvidia gpu computing toolkit\cuda\v10.1\include\crt\math_functions.h(3460): warning C4819: 锟斤拷锟侥硷拷锟斤拷锟斤拷锟斤拷锟斤拷锟节碉拷前锟斤拷锟斤拷页(936)锟叫憋拷示锟斤拷锟街凤拷锟斤拷锟诫将锟斤拷锟侥硷拷锟斤拷锟斤拷为 Unicode 锟斤拷式锟皆凤拷止锟斤拷锟捷讹拷失
c:\program files\nvidia gpu computing toolkit\cuda\v10.1\include\crt\math_functions.h(4403): warning C4819: 锟斤拷锟侥硷拷锟斤拷锟斤拷锟斤拷锟斤拷锟节碉拷前锟斤拷锟斤拷页(936)锟叫憋拷示锟斤拷锟街凤拷锟斤拷锟诫将锟斤拷锟侥硷拷锟斤拷锟斤拷为 Unicode 锟斤拷式锟皆凤拷止锟斤拷锟捷讹拷失
c:\program files\nvidia gpu computing toolkit\cuda\v10.1\include\crt\math_functions.h(5301): warning C4819: 锟斤拷锟侥硷拷锟斤拷锟斤拷锟斤拷锟斤拷锟节碉拷前锟斤拷锟斤拷页(936)锟叫憋拷示锟斤拷锟街凤拷锟斤拷锟诫将锟斤拷锟侥硷拷锟斤拷锟斤拷为 Unicode 锟斤拷式锟皆凤拷止锟斤拷锟捷讹拷失
c:\program files\nvidia gpu computing toolkit\cuda\v10.1\include\crt\math_functions.h(6212): warning C4819: 锟斤拷锟侥硷拷锟斤拷锟斤拷锟斤拷锟斤拷锟节碉拷前锟斤拷锟斤拷页(936)锟叫憋拷示锟斤拷锟街凤拷锟斤拷锟诫将锟斤拷锟侥硷拷锟斤拷锟斤拷为 Unicode 锟斤拷式锟皆凤拷止锟斤拷锟捷讹拷失
c:\program files\nvidia gpu computing toolkit\cuda\v10.1\include\crt\math_functions.h(7093): warning C4819: 锟斤拷锟侥硷拷锟斤拷锟斤拷锟斤拷锟斤拷锟节碉拷前锟斤拷锟斤拷页(936)锟叫憋拷示锟斤拷锟街凤拷锟斤拷锟诫将锟斤拷锟侥硷拷锟斤拷锟斤拷为 Unicode 锟斤拷式锟皆凤拷止锟斤拷锟捷讹拷失
c:\program files\nvidia gpu computing toolkit\cuda\v10.1\include\crt\math_functions.h(7892): warning C4819: 锟斤拷锟侥硷拷锟斤拷锟斤拷锟斤拷锟斤拷锟节碉拷前锟斤拷锟斤拷页(936)锟叫憋拷示锟斤拷锟街凤拷锟斤拷锟诫将锟斤拷锟侥硷拷锟斤拷锟斤拷为 Unicode 锟斤拷式锟皆凤拷止锟斤拷锟捷讹拷失
c:\program files\nvidia gpu computing toolkit\cuda\v10.1\include\crt/device_functions.h : warning C4819: 锟斤拷锟侥硷拷锟斤拷锟斤拷锟斤拷锟斤拷锟节碉拷前锟斤拷锟斤拷页(936)锟叫憋拷示锟斤拷锟街凤拷锟斤拷锟诫将锟斤拷锟侥硷拷锟斤拷锟斤拷为 Unicode 锟斤拷式锟皆凤拷止锟斤拷锟捷讹拷失
c:\program files\nvidia gpu computing toolkit\cuda\v10.1\include\crt/device_functions.h(773): warning C4819: 锟斤拷锟侥硷拷锟斤拷锟斤拷锟斤拷锟斤拷锟节碉拷前锟斤拷锟斤拷页(936)锟叫憋拷示锟斤拷锟街凤拷锟斤拷锟诫将锟斤拷锟侥硷拷锟斤拷锟斤拷为 Unicode 锟斤拷式锟皆凤拷止锟斤拷锟捷讹拷失
c:\program files\nvidia gpu computing toolkit\cuda\v10.1\include\crt/device_functions.h(1628): warning C4819: 锟斤拷锟侥硷拷锟斤拷锟斤拷锟斤拷锟斤拷锟节碉拷前锟斤拷锟斤拷页(936)锟叫憋拷示锟斤拷锟街凤拷锟斤拷锟诫将锟斤拷锟侥硷拷锟斤拷锟斤拷为 Unicode 锟斤拷式锟皆凤拷止锟斤拷锟捷讹拷失
c:\program files\nvidia gpu computing toolkit\cuda\v10.1\include\crt\device_double_functions.h : warning C4819: 锟斤拷锟侥硷拷锟斤拷锟斤拷锟斤拷锟斤拷锟节碉拷前锟斤拷锟斤拷页(936)锟叫憋拷示锟斤拷锟街凤拷锟斤拷锟诫将锟斤拷锟侥硷拷锟斤拷锟斤拷为 Unicode 锟斤拷式锟皆凤拷止锟斤拷锟捷讹拷失
c:\program files\nvidia gpu computing toolkit\cuda\v10.1\include\sm_20_intrinsics.h : warning C4819: 锟斤拷锟侥硷拷锟斤拷锟斤拷锟斤拷锟斤拷锟节碉拷前锟斤拷锟斤拷页(936)锟叫憋拷示锟斤拷锟街凤拷锟斤拷锟诫将锟斤拷锟侥硷拷锟斤拷锟斤拷为 Unicode 锟斤拷式锟皆凤拷止锟斤拷锟捷讹拷失
c:\program files\nvidia gpu computing toolkit\cuda\v10.1\include\sm_20_intrinsics.h(925): warning C4819: 锟斤拷锟侥硷拷锟斤拷锟斤拷锟斤拷锟斤拷锟节碉拷前锟斤拷锟斤拷页(936)锟叫憋拷示锟斤拷锟街凤拷锟斤拷锟诫将锟斤拷锟侥硷拷锟斤拷锟斤拷为 Unicode 锟斤拷式锟皆凤拷止锟斤拷锟捷讹拷失
c:\program files\nvidia gpu computing toolkit\cuda\v10.1\include\crt\math_functions.h : warning C4819: 锟斤拷锟侥硷拷锟斤拷锟斤拷锟斤拷锟斤拷锟节碉拷前锟斤拷锟斤拷页(936)锟叫憋拷示锟斤拷锟街凤拷锟斤拷锟诫将锟斤拷锟侥硷拷锟斤拷锟斤拷为 Unicode 锟斤拷式锟皆凤拷止锟斤拷锟捷讹拷失
c:\program files\nvidia gpu computing toolkit\cuda\v10.1\include\crt\math_functions.h(824): warning C4819: 锟斤拷锟侥硷拷锟斤拷锟斤拷锟斤拷锟斤拷锟节碉拷前锟斤拷锟斤拷页(936)锟叫憋拷示锟斤拷锟街凤拷锟斤拷锟诫将锟斤拷锟侥硷拷锟斤拷锟斤拷为 Unicode 锟斤拷式锟皆凤拷止锟斤拷锟捷讹拷失
c:\program files\nvidia gpu computing toolkit\cuda\v10.1\include\crt\math_functions.h(1759): warning C4819: 锟斤拷锟侥硷拷锟斤拷锟斤拷锟斤拷锟斤拷锟节碉拷前锟斤拷锟斤拷页(936)锟叫憋拷示锟斤拷锟街凤拷锟斤拷锟诫将锟斤拷锟侥硷拷锟斤拷锟斤拷为 Unicode 锟斤拷式锟皆凤拷止锟斤拷锟捷讹拷失
c:\program files\nvidia gpu computing toolkit\cuda\v10.1\include\crt\math_functions.h(2621): warning C4819: 锟斤拷锟侥硷拷锟斤拷锟斤拷锟斤拷锟斤拷锟节碉拷前锟斤拷锟斤拷页(936)锟叫憋拷示锟斤拷锟街凤拷锟斤拷锟诫将锟斤拷锟侥硷拷锟斤拷锟斤拷为 Unicode 锟斤拷式锟皆凤拷止锟斤拷锟捷讹拷失
c:\program files\nvidia gpu computing toolkit\cuda\v10.1\include\crt\math_functions.h(3460): warning C4819: 锟斤拷锟侥硷拷锟斤拷锟斤拷锟斤拷锟斤拷锟节碉拷前锟斤拷锟斤拷页(936)锟叫憋拷示锟斤拷锟街凤拷锟斤拷锟诫将锟斤拷锟侥硷拷锟斤拷锟斤拷为 Unicode 锟斤拷式锟皆凤拷止锟斤拷锟捷讹拷失
c:\program files\nvidia gpu computing toolkit\cuda\v10.1\include\crt\math_functions.h(4403): warning C4819: 锟斤拷锟侥硷拷锟斤拷锟斤拷锟斤拷锟斤拷锟节碉拷前锟斤拷锟斤拷页(936)锟叫憋拷示锟斤拷锟街凤拷锟斤拷锟诫将锟斤拷锟侥硷拷锟斤拷锟斤拷为 Unicode 锟斤拷式锟皆凤拷止锟斤拷锟捷讹拷失
c:\program files\nvidia gpu computing toolkit\cuda\v10.1\include\crt\math_functions.h(5301): warning C4819: 锟斤拷锟侥硷拷锟斤拷锟斤拷锟斤拷锟斤拷锟节碉拷前锟斤拷锟斤拷页(936)锟叫憋拷示锟斤拷锟街凤拷锟斤拷锟诫将锟斤拷锟侥硷拷锟斤拷锟斤拷为 Unicode 锟斤拷式锟皆凤拷止锟斤拷锟捷讹拷失
c:\program files\nvidia gpu computing toolkit\cuda\v10.1\include\crt\math_functions.h(6212): warning C4819: 锟斤拷锟侥硷拷锟斤拷锟斤拷锟斤拷锟斤拷锟节碉拷前锟斤拷锟斤拷页(936)锟叫憋拷示锟斤拷锟街凤拷锟斤拷锟诫将锟斤拷锟侥硷拷锟斤拷锟斤拷为 Unicode 锟斤拷式锟皆凤拷止锟斤拷锟捷讹拷失
c:\program files\nvidia gpu computing toolkit\cuda\v10.1\include\crt\math_functions.h(7093): warning C4819: 锟斤拷锟侥硷拷锟斤拷锟斤拷锟斤拷锟斤拷锟节碉拷前锟斤拷锟斤拷页(936)锟叫憋拷示锟斤拷锟街凤拷锟斤拷锟诫将锟斤拷锟侥硷拷锟斤拷锟斤拷为 Unicode 锟斤拷式锟皆凤拷止锟斤拷锟捷讹拷失
c:\program files\nvidia gpu computing toolkit\cuda\v10.1\include\crt\math_functions.h(7892): warning C4819: 锟斤拷锟侥硷拷锟斤拷锟斤拷锟斤拷锟斤拷锟节碉拷前锟斤拷锟斤拷页(936)锟叫憋拷示锟斤拷锟街凤拷锟斤拷锟诫将锟斤拷锟侥硷拷锟斤拷锟斤拷为 Unicode 锟斤拷式锟皆凤拷止锟斤拷锟捷讹拷失
c:\program files\nvidia gpu computing toolkit\cuda\v10.1\include\crt/device_functions.h : warning C4819: 锟斤拷锟侥硷拷锟斤拷锟斤拷锟斤拷锟斤拷锟节碉拷前锟斤拷锟斤拷页(936)锟叫憋拷示锟斤拷锟街凤拷锟斤拷锟诫将锟斤拷锟侥硷拷锟斤拷锟斤拷为 Unicode 锟斤拷式锟皆凤拷止锟斤拷锟捷讹拷失
c:\program files\nvidia gpu computing toolkit\cuda\v10.1\include\crt/device_functions.h(773): warning C4819: 锟斤拷锟侥硷拷锟斤拷锟斤拷锟斤拷锟斤拷锟节碉拷前锟斤拷锟斤拷页(936)锟叫憋拷示锟斤拷锟街凤拷锟斤拷锟诫将锟斤拷锟侥硷拷锟斤拷锟斤拷为 Unicode 锟斤拷式锟皆凤拷止锟斤拷锟捷讹拷失
c:\program files\nvidia gpu computing toolkit\cuda\v10.1\include\crt/device_functions.h(1628): warning C4819: 锟斤拷锟侥硷拷锟斤拷锟斤拷锟斤拷锟斤拷锟节碉拷前锟斤拷锟斤拷页(936)锟叫憋拷示锟斤拷锟街凤拷锟斤拷锟诫将锟斤拷锟侥硷拷锟斤拷锟斤拷为 Unicode 锟斤拷式锟皆凤拷止锟斤拷锟捷讹拷失
c:\program files\nvidia gpu computing toolkit\cuda\v10.1\include\crt\device_double_functions.h : warning C4819: 锟斤拷锟侥硷拷锟斤拷锟斤拷锟斤拷锟斤拷锟节碉拷前锟斤拷锟斤拷页(936)锟叫憋拷示锟斤拷锟街凤拷锟斤拷锟诫将锟斤拷锟侥硷拷锟斤拷锟斤拷为 Unicode 锟斤拷式锟皆凤拷止锟斤拷锟捷讹拷失
c:\program files\nvidia gpu computing toolkit\cuda\v10.1\include\sm_20_intrinsics.h : warning C4819: 锟斤拷锟侥硷拷锟斤拷锟斤拷锟斤拷锟斤拷锟节碉拷前锟斤拷锟斤拷页(936)锟叫憋拷示锟斤拷锟街凤拷锟斤拷锟诫将锟斤拷锟侥硷拷锟斤拷锟斤拷为 Unicode 锟斤拷式锟皆凤拷止锟斤拷锟捷讹拷失
c:\program files\nvidia gpu computing toolkit\cuda\v10.1\include\sm_20_intrinsics.h(925): warning C4819: 锟斤拷锟侥硷拷锟斤拷锟斤拷锟斤拷锟斤拷锟节碉拷前锟斤拷锟斤拷页(936)锟叫憋拷示锟斤拷锟街凤拷锟斤拷锟诫将锟斤拷锟侥硷拷锟斤拷锟斤拷为 Unicode 锟斤拷式锟皆凤拷止锟斤拷锟捷讹拷失
  kernel.cu
C:/Users/xjp83/Documents/GitHub/CIS565/Project0-Getting-Started/cuda-getting-started/src/kernel.cu(68): warning C4996: 'cudaThreadSynchronize': 锟斤拷锟斤拷锟斤拷为锟窖凤拷锟?
  c:\program files\nvidia gpu computing toolkit\cuda\v10.1\include\cuda_runtime_api.h(957): note: 锟轿硷拷锟斤拷cudaThreadSynchronize锟斤拷锟斤拷锟斤拷锟斤拷
c:\program files\nvidia gpu computing toolkit\cuda\v10.1\include\crt\math_functions.h : warning C4819: 锟斤拷锟侥硷拷锟斤拷锟斤拷锟斤拷锟斤拷锟节碉拷前锟斤拷锟斤拷页(936)锟叫憋拷示锟斤拷锟街凤拷锟斤拷锟诫将锟斤拷锟侥硷拷锟斤拷锟斤拷为 Unicode 锟斤拷式锟皆凤拷止锟斤拷锟捷讹拷失
c:\program files\nvidia gpu computing toolkit\cuda\v10.1\include\crt\math_functions.h(824): warning C4819: 锟斤拷锟侥硷拷锟斤拷锟斤拷锟斤拷锟斤拷锟节碉拷前锟斤拷锟斤拷页(936)锟叫憋拷示锟斤拷锟街凤拷锟斤拷锟诫将锟斤拷锟侥硷拷锟斤拷锟斤拷为 Unicode 锟斤拷式锟皆凤拷止锟斤拷锟捷讹拷失
c:\program files\nvidia gpu computing toolkit\cuda\v10.1\include\crt\math_functions.h(1759): warning C4819: 锟斤拷锟侥硷拷锟斤拷锟斤拷锟斤拷锟斤拷锟节碉拷前锟斤拷锟斤拷页(936)锟叫憋拷示锟斤拷锟街凤拷锟斤拷锟诫将锟斤拷锟侥硷拷锟斤拷锟斤拷为 Unicode 锟斤拷式锟皆凤拷止锟斤拷锟捷讹拷失
c:\program files\nvidia gpu computing toolkit\cuda\v10.1\include\crt\math_functions.h(2621): warning C4819: 锟斤拷锟侥硷拷锟斤拷锟斤拷锟斤拷锟斤拷锟节碉拷前锟斤拷锟斤拷页(936)锟叫憋拷锟斤拷锟斤拷锟街凤拷锟斤拷锟诫将锟斤拷锟侥硷拷锟斤拷锟斤拷为 Unicode 锟斤拷式锟皆凤拷止锟斤拷锟捷讹拷失
c:\program files\nvidia gpu computing toolkit\cuda\v10.1\include\crt\math_functions.h(3461): warning C4819: 锟斤拷锟侥硷拷锟斤拷锟斤拷锟斤拷锟斤拷锟节碉拷前锟斤拷锟斤拷页(936)锟叫憋拷示锟斤拷锟街凤拷锟斤拷锟诫将锟斤拷锟侥硷拷锟斤拷锟斤拷为 Unicode 锟斤拷式锟皆凤拷止锟斤拷锟捷讹拷失
c:\program files\nvidia gpu computing toolkit\cuda\v10.1\include\crt\math_functions.h(4403): warning C4819: 锟斤拷锟侥硷拷锟斤拷锟斤拷锟斤拷锟斤拷锟节碉拷前锟斤拷锟斤拷页(936)锟叫憋拷示锟斤拷锟街凤拷锟斤拷锟诫将锟斤拷锟侥硷拷锟斤拷锟斤拷为 Unicode 锟斤拷式锟皆凤拷止锟斤拷锟捷讹拷失
c:\program files\nvidia gpu computing toolkit\cuda\v10.1\include\crt\math_functions.h(5301): warning C4819: 锟斤拷锟侥硷拷锟斤拷锟斤拷锟斤拷锟斤拷锟节碉拷前锟斤拷锟斤拷页(936)锟叫憋拷示锟斤拷锟街凤拷锟斤拷锟诫将锟斤拷锟侥硷拷锟斤拷锟斤拷为 Unicode 锟斤拷式锟皆凤拷止锟斤拷锟捷讹拷失
c:\program files\nvidia gpu computing toolkit\cuda\v10.1\include\crt\math_functions.h(6212): warning C4819: 锟斤拷锟侥硷拷锟斤拷锟斤拷锟斤拷锟斤拷锟节碉拷前锟斤拷锟斤拷页(936)锟叫憋拷示锟斤拷锟街凤拷锟斤拷锟诫将锟斤拷锟侥硷拷锟斤拷锟斤拷为 Unicode 锟斤拷式锟皆凤拷止锟斤拷锟捷讹拷失
c:\program files\nvidia gpu computing toolkit\cuda\v10.1\include\crt\math_functions.h(7093): warning C4819: 锟斤拷锟侥硷拷锟斤拷锟斤拷锟斤拷锟斤拷锟节碉拷前锟斤拷锟斤拷页(936)锟叫憋拷示锟斤拷锟街凤拷锟斤拷锟诫将锟斤拷锟侥硷拷锟斤拷锟斤拷为 Unicode 锟斤拷式锟皆凤拷止锟斤拷锟捷讹拷失
c:\program files\nvidia gpu computing toolkit\cuda\v10.1\include\crt\math_functions.h(7892): warning C4819: 锟斤拷锟侥硷拷锟斤拷锟斤拷锟斤拷锟斤拷锟节碉拷前锟斤拷锟斤拷页(936)锟叫憋拷示锟斤拷锟街凤拷锟斤拷锟诫将锟斤拷锟侥硷拷锟斤拷锟斤拷为 Unicode 锟斤拷式锟皆凤拷止锟斤拷锟捷讹拷失
  Generated C:/Users/xjp83/Documents/GitHub/CIS565/Project0-Getting-Started/build/CMakeFiles/cis565_getting_started.dir/src/Debug/cis565_getting_started_generated_kernel.cu.obj successfully.
  Building Custom Rule C:/Users/xjp83/Documents/GitHub/CIS565/Project0-Getting-Started/cuda-getting-started/CMakeLists.txt
  CMake does not need to re-run because C:/Users/xjp83/Documents/GitHub/CIS565/Project0-Getting-Started/build/CMakeFiles/generate.stamp is up-to-date.
  glslUtility.cpp
  main.cpp
C:\Users\xjp83\Documents\GitHub\CIS565\Project0-Getting-Started\cuda-getting-started\src\main.cpp(94): warning C4996: 'cudaGLRegisterBufferObject': 被声明为已否决
  C:\Program Files\NVIDIA GPU Computing Toolkit\CUDA\v10.1\include\cuda_gl_interop.h(327): note: 参见“cudaGLRegisterBufferObject”的声明
C:\Users\xjp83\Documents\GitHub\CIS565\Project0-Getting-Started\cuda-getting-started\src\main.cpp(135): warning C4996: 'cudaGLSetGLDevice': 被声明为已否决
  C:\Program Files\NVIDIA GPU Computing Toolkit\CUDA\v10.1\include\cuda_gl_interop.h(305): note: 参见“cudaGLSetGLDevice”的声明
C:\Users\xjp83\Documents\GitHub\CIS565\Project0-Getting-Started\cuda-getting-started\src\main.cpp(169): warning C4996: 'cudaGLMapBufferObject': 被声明为已否决
  C:\Program Files\NVIDIA GPU Computing Toolkit\CUDA\v10.1\include\cuda_gl_interop.h(356): note: 参见“cudaGLMapBufferObject”的声明
C:\Users\xjp83\Documents\GitHub\CIS565\Project0-Getting-Started\cuda-getting-started\src\main.cpp(175): warning C4996: 'cudaGLUnmapBufferObject': 被声明为已否决
  C:\Program Files\NVIDIA GPU Computing Toolkit\CUDA\v10.1\include\cuda_gl_interop.h(382): note: 参见“cudaGLUnmapBufferObject”的声明
C:\Users\xjp83\Documents\GitHub\CIS565\Project0-Getting-Started\cuda-getting-started\src\main.cpp(224): warning C4996: 'cudaGLUnregisterBufferObject': 被声明为已否决
  C:\Program Files\NVIDIA GPU Computing Toolkit\CUDA\v10.1\include\cuda_gl_interop.h(404): note: 参见“cudaGLUnregisterBufferObject”的声明
  正在生成代码...
    正在创建库 C:/Users/xjp83/Documents/GitHub/CIS565/Project0-Getting-Started/build/lib/Debug/cis565_getting_started.lib 和对象 C:/Users/xjp83/Documents/GitHub/CIS565/Project0-Getting-Started/build/lib/Debug/cis565_getting_started.exp
LINK : warning LNK4098: 默认库“LIBCMT”与其他库的使用冲突；请使用 /NODEFAULTLIB:library
LINK : warning LNK4098: 默认库“MSVCRT”与其他库的使用冲突；请使用 /NODEFAULTLIB:library
glew32s.lib(glew.obj) : warning LNK4099: 未找到 PDB“vc120.pdb”(使用“glew32s.lib(glew.obj)”或在“C:\Users\xjp83\Documents\GitHub\CIS565\Project0-Getting-Started\build\bin\Debug\vc120.pdb”中寻找)；正在链接对象，如同没有调试信息一样
  cis565_getting_started.vcxproj -> C:\Users\xjp83\Documents\GitHub\CIS565\Project0-Getting-Started\build\bin\Debug\cis565_getting_started.exe
